# JRE version: Java(TM) SE Runtime Environment (8.0_181-b13) (build 1.8.0_181-b13)
# Java VM: Dynamic Code Evolution 64-Bit Server VM (25.71-b01-dcevmlight-26 mixed mode windows-amd64 compressed oops)
Heap:
 def new generation   total 78720K, used 46521K [0x00000006c1000000, 0x00000006c6560000, 0x0000000716000000)
  eden space 70016K,  61% used [0x00000006c1000000, 0x00000006c39ddda0, 0x00000006c5460000)
  from space 8704K,  41% used [0x00000006c5460000, 0x00000006c57f0948, 0x00000006c5ce0000)
  to   space 8704K,   0% used [0x00000006c5ce0000, 0x00000006c5ce0000, 0x00000006c6560000)
 tenured generation   total 174784K, used 39978K [0x0000000716000000, 0x0000000720ab0000, 0x00000007c0000000)
   the space 174784K,  22% used [0x0000000716000000, 0x000000071870aba8, 0x000000071870ac00, 0x0000000720ab0000)
 Metaspace       used 75832K, capacity 79836K, committed 80088K, reserved 1118208K
  class space    used 9718K, capacity 10338K, committed 10456K, reserved 1048576K
GC Heap History (10 events):
Event: 1926.236 GC heap before
{Heap before GC invocations=49 (full 3):
 def new generation   total 78720K, used 73674K [0x00000006c1000000, 0x00000006c6560000, 0x0000000716000000)
  eden space 70016K, 100% used [0x00000006c1000000, 0x00000006c5460000, 0x00000006c5460000)
  from space 8704K,  42% used [0x00000006c5ce0000, 0x00000006c6072b88, 0x00000006c6560000)
  to   space 8704K,   0% used [0x00000006c5460000, 0x00000006c5460000, 0x00000006c5ce0000)
 tenured generation   total 174784K, used 38418K [0x0000000716000000, 0x0000000720ab0000, 0x00000007c0000000)
   the space 174784K,  21% used [0x0000000716000000, 0x0000000718584b40, 0x0000000718584c00, 0x0000000720ab0000)
 Metaspace       used 73095K, capacity 76252K, committed 76504K, reserved 1116160K
  class space    used 9434K, capacity 9944K, committed 9944K, reserved 1048576K
Event: 1926.246 GC heap after
Heap after GC invocations=50 (full 3):
 def new generation   total 78720K, used 4027K [0x00000006c1000000, 0x00000006c6560000, 0x0000000716000000)
  eden space 70016K,   0% used [0x00000006c1000000, 0x00000006c1000000, 0x00000006c5460000)
  from space 8704K,  46% used [0x00000006c5460000, 0x00000006c584ee10, 0x00000006c5ce0000)
  to   space 8704K,   0% used [0x00000006c5ce0000, 0x00000006c5ce0000, 0x00000006c6560000)
 tenured generation   total 174784K, used 38418K [0x0000000716000000, 0x0000000720ab0000, 0x00000007c0000000)
   the space 174784K,  21% used [0x0000000716000000, 0x0000000718584b40, 0x0000000718584c00, 0x0000000720ab0000)
 Metaspace       used 73095K, capacity 76252K, committed 76504K, reserved 1116160K
  class space    used 9434K, capacity 9944K, committed 9944K, reserved 1048576K
}
Event: 2073.372 GC heap before
{Heap before GC invocations=50 (full 3):
 def new generation   total 78720K, used 74043K [0x00000006c1000000, 0x00000006c6560000, 0x0000000716000000)
  eden space 70016K, 100% used [0x00000006c1000000, 0x00000006c5460000, 0x00000006c5460000)
  from space 8704K,  46% used [0x00000006c5460000, 0x00000006c584ee10, 0x00000006c5ce0000)
  to   space 8704K,   0% used [0x00000006c5ce0000, 0x00000006c5ce0000, 0x00000006c6560000)
 tenured generation   total 174784K, used 38418K [0x0000000716000000, 0x0000000720ab0000, 0x00000007c0000000)
   the space 174784K,  21% used [0x0000000716000000, 0x0000000718584b40, 0x0000000718584c00, 0x0000000720ab0000)
 Metaspace       used 73602K, capacity 76764K, committed 76888K, reserved 1116160K
  class space    used 9469K, capacity 9992K, committed 10072K, reserved 1048576K
Event: 2073.381 GC heap after
Heap after GC invocations=51 (full 3):
 def new generation   total 78720K, used 4343K [0x00000006c1000000, 0x00000006c6560000, 0x0000000716000000)
  eden space 70016K,   0% used [0x00000006c1000000, 0x00000006c1000000, 0x00000006c5460000)
  from space 8704K,  49% used [0x00000006c5ce0000, 0x00000006c611de98, 0x00000006c6560000)
  to   space 8704K,   0% used [0x00000006c5460000, 0x00000006c5460000, 0x00000006c5ce0000)
 tenured generation   total 174784K, used 38418K [0x0000000716000000, 0x0000000720ab0000, 0x00000007c0000000)
   the space 174784K,  21% used [0x0000000716000000, 0x0000000718584b40, 0x0000000718584c00, 0x0000000720ab0000)
 Metaspace       used 73602K, capacity 76764K, committed 76888K, reserved 1116160K
  class space    used 9469K, capacity 9992K, committed 10072K, reserved 1048576K
}
Event: 2110.276 GC heap before
{Heap before GC invocations=51 (full 3):
 def new generation   total 78720K, used 74359K [0x00000006c1000000, 0x00000006c6560000, 0x0000000716000000)
  eden space 70016K, 100% used [0x00000006c1000000, 0x00000006c5460000, 0x00000006c5460000)
  from space 8704K,  49% used [0x00000006c5ce0000, 0x00000006c611de98, 0x00000006c6560000)
  to   space 8704K,   0% used [0x00000006c5460000, 0x00000006c5460000, 0x00000006c5ce0000)
 tenured generation   total 174784K, used 38418K [0x0000000716000000, 0x0000000720ab0000, 0x00000007c0000000)
   the space 174784K,  21% used [0x0000000716000000, 0x0000000718584b40, 0x0000000718584c00, 0x0000000720ab0000)
 Metaspace       used 74328K, capacity 77746K, committed 77912K, reserved 1118208K
  class space    used 9526K, capacity 10069K, committed 10072K, reserved 1048576K
Event: 2110.286 GC heap after
Heap after GC invocations=52 (full 3):
 def new generation   total 78720K, used 4735K [0x00000006c1000000, 0x00000006c6560000, 0x0000000716000000)
  eden space 70016K,   0% used [0x00000006c1000000, 0x00000006c1000000, 0x00000006c5460000)
  from space 8704K,  54% used [0x00000006c5460000, 0x00000006c58ffc50, 0x00000006c5ce0000)
  to   space 8704K,   0% used [0x00000006c5ce0000, 0x00000006c5ce0000, 0x00000006c6560000)
 tenured generation   total 174784K, used 38418K [0x0000000716000000, 0x0000000720ab0000, 0x00000007c0000000)
   the space 174784K,  21% used [0x0000000716000000, 0x0000000718584b40, 0x0000000718584c00, 0x0000000720ab0000)
 Metaspace       used 74328K, capacity 77746K, committed 77912K, reserved 1118208K
  class space    used 9526K, capacity 10069K, committed 10072K, reserved 1048576K
}
Event: 2110.793 GC heap before
{Heap before GC invocations=52 (full 3):
 def new generation   total 78720K, used 74751K [0x00000006c1000000, 0x00000006c6560000, 0x0000000716000000)
  eden space 70016K, 100% used [0x00000006c1000000, 0x00000006c5460000, 0x00000006c5460000)
  from space 8704K,  54% used [0x00000006c5460000, 0x00000006c58ffc50, 0x00000006c5ce0000)
  to   space 8704K,   0% used [0x00000006c5ce0000, 0x00000006c5ce0000, 0x00000006c6560000)
 tenured generation   total 174784K, used 38418K [0x0000000716000000, 0x0000000720ab0000, 0x00000007c0000000)
   the space 174784K,  21% used [0x0000000716000000, 0x0000000718584b40, 0x0000000718584c00, 0x0000000720ab0000)
 Metaspace       used 75006K, capacity 78556K, committed 78808K, reserved 1118208K
  class space    used 9586K, capacity 10144K, committed 10200K, reserved 1048576K
Event: 2110.802 GC heap after
Heap after GC invocations=53 (full 3):
 def new generation   total 78720K, used 3155K [0x00000006c1000000, 0x00000006c6560000, 0x0000000716000000)
  eden space 70016K,   0% used [0x00000006c1000000, 0x00000006c1000000, 0x00000006c5460000)
  from space 8704K,  36% used [0x00000006c5ce0000, 0x00000006c5ff4d48, 0x00000006c6560000)
  to   space 8704K,   0% used [0x00000006c5460000, 0x00000006c5460000, 0x00000006c5ce0000)
 tenured generation   total 174784K, used 39978K [0x0000000716000000, 0x0000000720ab0000, 0x00000007c0000000)
   the space 174784K,  22% used [0x0000000716000000, 0x000000071870aba8, 0x000000071870ac00, 0x0000000720ab0000)
 Metaspace       used 75006K, capacity 78556K, committed 78808K, reserved 1118208K
  class space    used 9586K, capacity 10144K, committed 10200K, reserved 1048576K
}
Event: 2584.225 GC heap before
{Heap before GC invocations=53 (full 3):
 def new generation   total 78720K, used 73171K [0x00000006c1000000, 0x00000006c6560000, 0x0000000716000000)
  eden space 70016K, 100% used [0x00000006c1000000, 0x00000006c5460000, 0x00000006c5460000)
  from space 8704K,  36% used [0x00000006c5ce0000, 0x00000006c5ff4d48, 0x00000006c6560000)
  to   space 8704K,   0% used [0x00000006c5460000, 0x00000006c5460000, 0x00000006c5ce0000)
 tenured generation   total 174784K, used 39978K [0x0000000716000000, 0x0000000720ab0000, 0x00000007c0000000)
   the space 174784K,  22% used [0x0000000716000000, 0x000000071870aba8, 0x000000071870ac00, 0x0000000720ab0000)
 Metaspace       used 75538K, capacity 79464K, committed 79704K, reserved 1118208K
  class space    used 9683K, capacity 10292K, committed 10328K, reserved 1048576K
Event: 2584.233 GC heap after
Heap after GC invocations=54 (full 3):
 def new generation   total 78720K, used 3650K [0x00000006c1000000, 0x00000006c6560000, 0x0000000716000000)
  eden space 70016K,   0% used [0x00000006c1000000, 0x00000006c1000000, 0x00000006c5460000)
  from space 8704K,  41% used [0x00000006c5460000, 0x00000006c57f0948, 0x00000006c5ce0000)
  to   space 8704K,   0% used [0x00000006c5ce0000, 0x00000006c5ce0000, 0x00000006c6560000)
 tenured generation   total 174784K, used 39978K [0x0000000716000000, 0x0000000720ab0000, 0x00000007c0000000)
   the space 174784K,  22% used [0x0000000716000000, 0x000000071870aba8, 0x000000071870ac00, 0x0000000720ab0000)
 Metaspace       used 75538K, capacity 79464K, committed 79704K, reserved 1118208K
  class space    used 9683K, capacity 10292K, committed 10328K, reserved 1048576K
}

