# JRE version: Java(TM) SE Runtime Environment (8.0_181-b13) (build 1.8.0_181-b13)
# Java VM: Dynamic Code Evolution 64-Bit Server VM (25.71-b01-dcevmlight-26 mixed mode windows-amd64 compressed oops)
Heap:
 def new generation   total 78720K, used 4430K [0x00000006c1000000, 0x00000006c6560000, 0x0000000716000000)
  eden space 70016K,   2% used [0x00000006c1000000, 0x00000006c11dc0d0, 0x00000006c5460000)
  from space 8704K,  29% used [0x00000006c5ce0000, 0x00000006c5f57928, 0x00000006c6560000)
  to   space 8704K,   0% used [0x00000006c5460000, 0x00000006c5460000, 0x00000006c5ce0000)
 tenured generation   total 174784K, used 37707K [0x0000000716000000, 0x0000000720ab0000, 0x00000007c0000000)
   the space 174784K,  21% used [0x0000000716000000, 0x00000007184d2e00, 0x00000007184d2e00, 0x0000000720ab0000)
 Metaspace       used 75680K, capacity 80284K, committed 80640K, reserved 1120256K
  class space    used 9698K, capacity 10386K, committed 10496K, reserved 1048576K
GC Heap History (10 events):
Event: 1424.621 GC heap before
{Heap before GC invocations=46 (full 3):
 def new generation   total 78720K, used 75065K [0x00000006c1000000, 0x00000006c6560000, 0x0000000716000000)
  eden space 70016K, 100% used [0x00000006c1000000, 0x00000006c5460000, 0x00000006c5460000)
  from space 8704K,  58% used [0x00000006c5460000, 0x00000006c594e508, 0x00000006c5ce0000)
  to   space 8704K,   0% used [0x00000006c5ce0000, 0x00000006c5ce0000, 0x00000006c6560000)
 tenured generation   total 174784K, used 34297K [0x0000000716000000, 0x0000000720ab0000, 0x00000007c0000000)
   the space 174784K,  19% used [0x0000000716000000, 0x000000071817e4b8, 0x000000071817e600, 0x0000000720ab0000)
 Metaspace       used 71115K, capacity 73834K, committed 74112K, reserved 1114112K
  class space    used 9105K, capacity 9565K, committed 9600K, reserved 1048576K
Event: 1424.629 GC heap after
Heap after GC invocations=47 (full 3):
 def new generation   total 78720K, used 5069K [0x00000006c1000000, 0x00000006c6560000, 0x0000000716000000)
  eden space 70016K,   0% used [0x00000006c1000000, 0x00000006c1000000, 0x00000006c5460000)
  from space 8704K,  58% used [0x00000006c5ce0000, 0x00000006c61d37d0, 0x00000006c6560000)
  to   space 8704K,   0% used [0x00000006c5460000, 0x00000006c5460000, 0x00000006c5ce0000)
 tenured generation   total 174784K, used 35103K [0x0000000716000000, 0x0000000720ab0000, 0x00000007c0000000)
   the space 174784K,  20% used [0x0000000716000000, 0x0000000718247e70, 0x0000000718248000, 0x0000000720ab0000)
 Metaspace       used 71115K, capacity 73834K, committed 74112K, reserved 1114112K
  class space    used 9105K, capacity 9565K, committed 9600K, reserved 1048576K
}
Event: 2689.509 GC heap before
{Heap before GC invocations=47 (full 3):
 def new generation   total 78720K, used 75085K [0x00000006c1000000, 0x00000006c6560000, 0x0000000716000000)
  eden space 70016K, 100% used [0x00000006c1000000, 0x00000006c5460000, 0x00000006c5460000)
  from space 8704K,  58% used [0x00000006c5ce0000, 0x00000006c61d37d0, 0x00000006c6560000)
  to   space 8704K,   0% used [0x00000006c5460000, 0x00000006c5460000, 0x00000006c5ce0000)
 tenured generation   total 174784K, used 35103K [0x0000000716000000, 0x0000000720ab0000, 0x00000007c0000000)
   the space 174784K,  20% used [0x0000000716000000, 0x0000000718247e70, 0x0000000718248000, 0x0000000720ab0000)
 Metaspace       used 72764K, capacity 75514K, committed 75648K, reserved 1116160K
  class space    used 9310K, capacity 9785K, committed 9856K, reserved 1048576K
Event: 2689.524 GC heap after
Heap after GC invocations=48 (full 3):
 def new generation   total 78720K, used 6091K [0x00000006c1000000, 0x00000006c6560000, 0x0000000716000000)
  eden space 70016K,   0% used [0x00000006c1000000, 0x00000006c1000000, 0x00000006c5460000)
  from space 8704K,  69% used [0x00000006c5460000, 0x00000006c5a52d20, 0x00000006c5ce0000)
  to   space 8704K,   0% used [0x00000006c5ce0000, 0x00000006c5ce0000, 0x00000006c6560000)
 tenured generation   total 174784K, used 35918K [0x0000000716000000, 0x0000000720ab0000, 0x00000007c0000000)
   the space 174784K,  20% used [0x0000000716000000, 0x0000000718313be0, 0x0000000718313c00, 0x0000000720ab0000)
 Metaspace       used 72764K, capacity 75514K, committed 75648K, reserved 1116160K
  class space    used 9310K, capacity 9785K, committed 9856K, reserved 1048576K
}
Event: 4029.966 GC heap before
{Heap before GC invocations=48 (full 3):
 def new generation   total 78720K, used 76107K [0x00000006c1000000, 0x00000006c6560000, 0x0000000716000000)
  eden space 70016K, 100% used [0x00000006c1000000, 0x00000006c5460000, 0x00000006c5460000)
  from space 8704K,  69% used [0x00000006c5460000, 0x00000006c5a52d20, 0x00000006c5ce0000)
  to   space 8704K,   0% used [0x00000006c5ce0000, 0x00000006c5ce0000, 0x00000006c6560000)
 tenured generation   total 174784K, used 35918K [0x0000000716000000, 0x0000000720ab0000, 0x00000007c0000000)
   the space 174784K,  20% used [0x0000000716000000, 0x0000000718313be0, 0x0000000718313c00, 0x0000000720ab0000)
 Metaspace       used 73919K, capacity 77448K, committed 77696K, reserved 1116160K
  class space    used 9469K, capacity 10034K, committed 10112K, reserved 1048576K
Event: 4029.974 GC heap after
Heap after GC invocations=49 (full 3):
 def new generation   total 78720K, used 2819K [0x00000006c1000000, 0x00000006c6560000, 0x0000000716000000)
  eden space 70016K,   0% used [0x00000006c1000000, 0x00000006c1000000, 0x00000006c5460000)
  from space 8704K,  32% used [0x00000006c5ce0000, 0x00000006c5fa0dc0, 0x00000006c6560000)
  to   space 8704K,   0% used [0x00000006c5460000, 0x00000006c5460000, 0x00000006c5ce0000)
 tenured generation   total 174784K, used 37707K [0x0000000716000000, 0x0000000720ab0000, 0x00000007c0000000)
   the space 174784K,  21% used [0x0000000716000000, 0x00000007184d2e00, 0x00000007184d2e00, 0x0000000720ab0000)
 Metaspace       used 73919K, capacity 77448K, committed 77696K, reserved 1116160K
  class space    used 9469K, capacity 10034K, committed 10112K, reserved 1048576K
}
Event: 10697.143 GC heap before
{Heap before GC invocations=49 (full 3):
 def new generation   total 78720K, used 72835K [0x00000006c1000000, 0x00000006c6560000, 0x0000000716000000)
  eden space 70016K, 100% used [0x00000006c1000000, 0x00000006c5460000, 0x00000006c5460000)
  from space 8704K,  32% used [0x00000006c5ce0000, 0x00000006c5fa0dc0, 0x00000006c6560000)
  to   space 8704K,   0% used [0x00000006c5460000, 0x00000006c5460000, 0x00000006c5ce0000)
 tenured generation   total 174784K, used 37707K [0x0000000716000000, 0x0000000720ab0000, 0x00000007c0000000)
   the space 174784K,  21% used [0x0000000716000000, 0x00000007184d2e00, 0x00000007184d2e00, 0x0000000720ab0000)
 Metaspace       used 74874K, capacity 79060K, committed 79104K, reserved 1118208K
  class space    used 9600K, capacity 10238K, committed 10240K, reserved 1048576K
Event: 10697.156 GC heap after
Heap after GC invocations=50 (full 3):
 def new generation   total 78720K, used 2978K [0x00000006c1000000, 0x00000006c6560000, 0x0000000716000000)
  eden space 70016K,   0% used [0x00000006c1000000, 0x00000006c1000000, 0x00000006c5460000)
  from space 8704K,  34% used [0x00000006c5460000, 0x00000006c57489d0, 0x00000006c5ce0000)
  to   space 8704K,   0% used [0x00000006c5ce0000, 0x00000006c5ce0000, 0x00000006c6560000)
 tenured generation   total 174784K, used 37707K [0x0000000716000000, 0x0000000720ab0000, 0x00000007c0000000)
   the space 174784K,  21% used [0x0000000716000000, 0x00000007184d2e00, 0x00000007184d2e00, 0x0000000720ab0000)
 Metaspace       used 74874K, capacity 79060K, committed 79104K, reserved 1118208K
  class space    used 9600K, capacity 10238K, committed 10240K, reserved 1048576K
}
Event: 14205.780 GC heap before
{Heap before GC invocations=50 (full 3):
 def new generation   total 78720K, used 72994K [0x00000006c1000000, 0x00000006c6560000, 0x0000000716000000)
  eden space 70016K, 100% used [0x00000006c1000000, 0x00000006c5460000, 0x00000006c5460000)
  from space 8704K,  34% used [0x00000006c5460000, 0x00000006c57489d0, 0x00000006c5ce0000)
  to   space 8704K,   0% used [0x00000006c5ce0000, 0x00000006c5ce0000, 0x00000006c6560000)
 tenured generation   total 174784K, used 37707K [0x0000000716000000, 0x0000000720ab0000, 0x00000007c0000000)
   the space 174784K,  21% used [0x0000000716000000, 0x00000007184d2e00, 0x00000007184d2e00, 0x0000000720ab0000)
 Metaspace       used 75670K, capacity 80284K, committed 80640K, reserved 1120256K
  class space    used 9697K, capacity 10386K, committed 10496K, reserved 1048576K
Event: 14205.794 GC heap after
Heap after GC invocations=51 (full 3):
 def new generation   total 78720K, used 2526K [0x00000006c1000000, 0x00000006c6560000, 0x0000000716000000)
  eden space 70016K,   0% used [0x00000006c1000000, 0x00000006c1000000, 0x00000006c5460000)
  from space 8704K,  29% used [0x00000006c5ce0000, 0x00000006c5f57928, 0x00000006c6560000)
  to   space 8704K,   0% used [0x00000006c5460000, 0x00000006c5460000, 0x00000006c5ce0000)
 tenured generation   total 174784K, used 37707K [0x0000000716000000, 0x0000000720ab0000, 0x00000007c0000000)
   the space 174784K,  21% used [0x0000000716000000, 0x00000007184d2e00, 0x00000007184d2e00, 0x0000000720ab0000)
 Metaspace       used 75670K, capacity 80284K, committed 80640K, reserved 1120256K
  class space    used 9697K, capacity 10386K, committed 10496K, reserved 1048576K
}

