# JRE version: Java(TM) SE Runtime Environment (8.0_181-b13) (build 1.8.0_181-b13)
# Java VM: Dynamic Code Evolution 64-Bit Server VM (25.71-b01-dcevmlight-26 mixed mode windows-amd64 compressed oops)
Heap:
 def new generation   total 78720K, used 17483K [0x00000006c1000000, 0x00000006c6560000, 0x0000000716000000)
  eden space 70016K,  20% used [0x00000006c1000000, 0x00000006c1dc6928, 0x00000006c5460000)
  from space 8704K,  38% used [0x00000006c5460000, 0x00000006c57ac538, 0x00000006c5ce0000)
  to   space 8704K,   0% used [0x00000006c5ce0000, 0x00000006c5ce0000, 0x00000006c6560000)
 tenured generation   total 174784K, used 37288K [0x0000000716000000, 0x0000000720ab0000, 0x00000007c0000000)
   the space 174784K,  21% used [0x0000000716000000, 0x000000071846a2c8, 0x000000071846a400, 0x0000000720ab0000)
 Metaspace       used 72996K, capacity 76354K, committed 76504K, reserved 1116160K
  class space    used 9419K, capacity 9931K, committed 9984K, reserved 1048576K
GC Heap History (10 events):
Event: 31.075 GC heap before
{Heap before GC invocations=45 (full 3):
 def new generation   total 78720K, used 74774K [0x00000006c1000000, 0x00000006c6560000, 0x0000000716000000)
  eden space 70016K, 100% used [0x00000006c1000000, 0x00000006c5460000, 0x00000006c5460000)
  from space 8704K,  54% used [0x00000006c5ce0000, 0x00000006c6185820, 0x00000006c6560000)
  to   space 8704K,   0% used [0x00000006c5460000, 0x00000006c5460000, 0x00000006c5ce0000)
 tenured generation   total 174784K, used 33030K [0x0000000716000000, 0x0000000720ab0000, 0x00000007c0000000)
   the space 174784K,  18% used [0x0000000716000000, 0x0000000718041a38, 0x0000000718041c00, 0x0000000720ab0000)
 Metaspace       used 67200K, capacity 69752K, committed 70104K, reserved 1110016K
  class space    used 8700K, capacity 9142K, committed 9216K, reserved 1048576K
Event: 31.084 GC heap after
Heap after GC invocations=46 (full 3):
 def new generation   total 78720K, used 5032K [0x00000006c1000000, 0x00000006c6560000, 0x0000000716000000)
  eden space 70016K,   0% used [0x00000006c1000000, 0x00000006c1000000, 0x00000006c5460000)
  from space 8704K,  57% used [0x00000006c5460000, 0x00000006c594a128, 0x00000006c5ce0000)
  to   space 8704K,   0% used [0x00000006c5ce0000, 0x00000006c5ce0000, 0x00000006c6560000)
 tenured generation   total 174784K, used 33549K [0x0000000716000000, 0x0000000720ab0000, 0x00000007c0000000)
   the space 174784K,  19% used [0x0000000716000000, 0x00000007180c3418, 0x00000007180c3600, 0x0000000720ab0000)
 Metaspace       used 67200K, capacity 69752K, committed 70104K, reserved 1110016K
  class space    used 8700K, capacity 9142K, committed 9216K, reserved 1048576K
}
Event: 34.895 GC heap before
{Heap before GC invocations=46 (full 3):
 def new generation   total 78720K, used 75048K [0x00000006c1000000, 0x00000006c6560000, 0x0000000716000000)
  eden space 70016K, 100% used [0x00000006c1000000, 0x00000006c5460000, 0x00000006c5460000)
  from space 8704K,  57% used [0x00000006c5460000, 0x00000006c594a128, 0x00000006c5ce0000)
  to   space 8704K,   0% used [0x00000006c5ce0000, 0x00000006c5ce0000, 0x00000006c6560000)
 tenured generation   total 174784K, used 33549K [0x0000000716000000, 0x0000000720ab0000, 0x00000007c0000000)
   the space 174784K,  19% used [0x0000000716000000, 0x00000007180c3418, 0x00000007180c3600, 0x0000000720ab0000)
 Metaspace       used 69085K, capacity 71784K, committed 71896K, reserved 1112064K
  class space    used 8959K, capacity 9392K, committed 9472K, reserved 1048576K
Event: 34.903 GC heap after
Heap after GC invocations=47 (full 3):
 def new generation   total 78720K, used 6450K [0x00000006c1000000, 0x00000006c6560000, 0x0000000716000000)
  eden space 70016K,   0% used [0x00000006c1000000, 0x00000006c1000000, 0x00000006c5460000)
  from space 8704K,  74% used [0x00000006c5ce0000, 0x00000006c632cb60, 0x00000006c6560000)
  to   space 8704K,   0% used [0x00000006c5460000, 0x00000006c5460000, 0x00000006c5ce0000)
 tenured generation   total 174784K, used 34349K [0x0000000716000000, 0x0000000720ab0000, 0x00000007c0000000)
   the space 174784K,  19% used [0x0000000716000000, 0x000000071818b6d8, 0x000000071818b800, 0x0000000720ab0000)
 Metaspace       used 69085K, capacity 71784K, committed 71896K, reserved 1112064K
  class space    used 8959K, capacity 9392K, committed 9472K, reserved 1048576K
}
Event: 35.045 GC heap before
{Heap before GC invocations=47 (full 3):
 def new generation   total 78720K, used 76458K [0x00000006c1000000, 0x00000006c6560000, 0x0000000716000000)
  eden space 70016K,  99% used [0x00000006c1000000, 0x00000006c545dde8, 0x00000006c5460000)
  from space 8704K,  74% used [0x00000006c5ce0000, 0x00000006c632cb60, 0x00000006c6560000)
  to   space 8704K,   0% used [0x00000006c5460000, 0x00000006c5460000, 0x00000006c5ce0000)
 tenured generation   total 174784K, used 34349K [0x0000000716000000, 0x0000000720ab0000, 0x00000007c0000000)
   the space 174784K,  19% used [0x0000000716000000, 0x000000071818b6d8, 0x000000071818b800, 0x0000000720ab0000)
 Metaspace       used 71726K, capacity 74500K, committed 74840K, reserved 1114112K
  class space    used 9271K, capacity 9742K, committed 9856K, reserved 1048576K
Event: 35.053 GC heap after
Heap after GC invocations=48 (full 3):
 def new generation   total 78720K, used 4501K [0x00000006c1000000, 0x00000006c6560000, 0x0000000716000000)
  eden space 70016K,   0% used [0x00000006c1000000, 0x00000006c1000000, 0x00000006c5460000)
  from space 8704K,  51% used [0x00000006c5460000, 0x00000006c58c5788, 0x00000006c5ce0000)
  to   space 8704K,   0% used [0x00000006c5ce0000, 0x00000006c5ce0000, 0x00000006c6560000)
 tenured generation   total 174784K, used 36869K [0x0000000716000000, 0x0000000720ab0000, 0x00000007c0000000)
   the space 174784K,  21% used [0x0000000716000000, 0x00000007184016d0, 0x0000000718401800, 0x0000000720ab0000)
 Metaspace       used 71726K, capacity 74500K, committed 74840K, reserved 1114112K
  class space    used 9271K, capacity 9742K, committed 9856K, reserved 1048576K
}
Event: 3657.795 GC heap before
{Heap before GC invocations=48 (full 3):
 def new generation   total 78720K, used 74517K [0x00000006c1000000, 0x00000006c6560000, 0x0000000716000000)
  eden space 70016K, 100% used [0x00000006c1000000, 0x00000006c5460000, 0x00000006c5460000)
  from space 8704K,  51% used [0x00000006c5460000, 0x00000006c58c5788, 0x00000006c5ce0000)
  to   space 8704K,   0% used [0x00000006c5ce0000, 0x00000006c5ce0000, 0x00000006c6560000)
 tenured generation   total 174784K, used 36869K [0x0000000716000000, 0x0000000720ab0000, 0x00000007c0000000)
   the space 174784K,  21% used [0x0000000716000000, 0x00000007184016d0, 0x0000000718401800, 0x0000000720ab0000)
 Metaspace       used 72747K, capacity 76102K, committed 76248K, reserved 1116160K
  class space    used 9398K, capacity 9921K, committed 9984K, reserved 1048576K
Event: 3657.842 GC heap after
Heap after GC invocations=49 (full 3):
 def new generation   total 78720K, used 2930K [0x00000006c1000000, 0x00000006c6560000, 0x0000000716000000)
  eden space 70016K,   0% used [0x00000006c1000000, 0x00000006c1000000, 0x00000006c5460000)
  from space 8704K,  33% used [0x00000006c5ce0000, 0x00000006c5fbca28, 0x00000006c6560000)
  to   space 8704K,   0% used [0x00000006c5460000, 0x00000006c5460000, 0x00000006c5ce0000)
 tenured generation   total 174784K, used 37288K [0x0000000716000000, 0x0000000720ab0000, 0x00000007c0000000)
   the space 174784K,  21% used [0x0000000716000000, 0x000000071846a2c8, 0x000000071846a400, 0x0000000720ab0000)
 Metaspace       used 72747K, capacity 76102K, committed 76248K, reserved 1116160K
  class space    used 9398K, capacity 9921K, committed 9984K, reserved 1048576K
}
Event: 11877.785 GC heap before
{Heap before GC invocations=49 (full 3):
 def new generation   total 78720K, used 72946K [0x00000006c1000000, 0x00000006c6560000, 0x0000000716000000)
  eden space 70016K, 100% used [0x00000006c1000000, 0x00000006c5460000, 0x00000006c5460000)
  from space 8704K,  33% used [0x00000006c5ce0000, 0x00000006c5fbca28, 0x00000006c6560000)
  to   space 8704K,   0% used [0x00000006c5460000, 0x00000006c5460000, 0x00000006c5ce0000)
 tenured generation   total 174784K, used 37288K [0x0000000716000000, 0x0000000720ab0000, 0x00000007c0000000)
   the space 174784K,  21% used [0x0000000716000000, 0x000000071846a2c8, 0x000000071846a400, 0x0000000720ab0000)
 Metaspace       used 72818K, capacity 76172K, committed 76248K, reserved 1116160K
  class space    used 9401K, capacity 9922K, committed 9984K, reserved 1048576K
Event: 11877.869 GC heap after
Heap after GC invocations=50 (full 3):
 def new generation   total 78720K, used 3377K [0x00000006c1000000, 0x00000006c6560000, 0x0000000716000000)
  eden space 70016K,   0% used [0x00000006c1000000, 0x00000006c1000000, 0x00000006c5460000)
  from space 8704K,  38% used [0x00000006c5460000, 0x00000006c57ac538, 0x00000006c5ce0000)
  to   space 8704K,   0% used [0x00000006c5ce0000, 0x00000006c5ce0000, 0x00000006c6560000)
 tenured generation   total 174784K, used 37288K [0x0000000716000000, 0x0000000720ab0000, 0x00000007c0000000)
   the space 174784K,  21% used [0x0000000716000000, 0x000000071846a2c8, 0x000000071846a400, 0x0000000720ab0000)
 Metaspace       used 72818K, capacity 76172K, committed 76248K, reserved 1116160K
  class space    used 9401K, capacity 9922K, committed 9984K, reserved 1048576K
}

